0 info it worked if it ends with ok
1 verbose cli [ '/usr/bin/node', '/usr/bin/npm', 'run', 'build:css' ]
2 info using npm@3.5.2
3 info using node@v8.10.0
4 verbose run-script [ 'prebuild:css', 'build:css', 'postbuild:css' ]
5 info lifecycle frontpage@1.0.0~prebuild:css: frontpage@1.0.0
6 silly lifecycle frontpage@1.0.0~prebuild:css: no script for prebuild:css, continuing
7 info lifecycle frontpage@1.0.0~build:css: frontpage@1.0.0
8 verbose lifecycle frontpage@1.0.0~build:css: unsafe-perm in lifecycle true
9 verbose lifecycle frontpage@1.0.0~build:css: PATH: /usr/share/npm/bin/node-gyp-bin:/mnt/d/Development things/Website/Frontpage/node_modules/.bin:/root/.vscode-server/bin/d69a79b73808559a91206d73d7717ff5f798f23c/bin:/usr/local/sbin:/usr/local/bin:/usr/sbin:/usr/bin:/sbin:/bin:/usr/games:/usr/local/games:/mnt/c/Program Files (x86)/Common Files/Intel/Shared Libraries/redist/intel64/compiler:/mnt/c/Program Files/Oculus/Support/oculus-runtime:/mnt/c/Program Files/AdoptOpenJDK/jdk-11.0.5.10-hotspot/bin:/mnt/c/Program Files/AdoptOpenJDK/jdk-8.0.232.09-hotspot/bin:/mnt/c/Program Files (x86)/AdoptOpenJDK/jdk-8.0.232.09-hotspot/bin:/mnt/c/Program Files/AdoptOpenJDK/jre-8.0.232.09-hotspot/bin:/mnt/c/Program Files/AdoptOpenJDK/jre-11.0.5.10-hotspot/bin:/mnt/c/Program Files (x86)/AdoptOpenJDK/jre-8.0.232.09-hotspot/bin:/mnt/c/WINDOWS/system32:/mnt/c/WINDOWS:/mnt/c/WINDOWS/System32/Wbem:/mnt/c/WINDOWS/System32/WindowsPowerShell/v1.0/:/mnt/c/WINDOWS/System32/OpenSSH/:/mnt/c/Program Files/PuTTY/:/mnt/c/Program Files/Microsoft VS Code/bin:/mnt/c/Program Files (x86)/NVIDIA Corporation/PhysX/Common:/mnt/c/Program Files/NVIDIA Corporation/NVIDIA NvDLISR:/mnt/c/Program Files/nodejs/:/mnt/c/ProgramData/chocolatey/bin:/mnt/c/Program Files/Git/cmd:/mnt/c/Program Files/dotnet/:/mnt/c/Program Files (x86)/WinSCP/:/mnt/c/Users/Administrator/AppData/Local/Programs/Python/Python38-32/Scripts/:/mnt/c/Users/Administrator/AppData/Local/Programs/Python/Python38-32/:/mnt/c/Users/Administrator/AppData/Local/Microsoft/WindowsApps:/mnt/c/Users/Administrator/AppData/Roaming/npm:/mnt/c/Users/Administrator/AppData/Local/Programs/Fiddler:/mnt/c/Users/Administrator/AppData/Local/Programs/Microsoft VS Code/bin:/snap/bin
10 verbose lifecycle frontpage@1.0.0~build:css: CWD: /mnt/d/Development things/Website/Frontpage
11 silly lifecycle frontpage@1.0.0~build:css: Args: [ '-c',
11 silly lifecycle   'postcss public/assets/main.css -o public/assets/style.css' ]
12 silly lifecycle frontpage@1.0.0~build:css: Returned: code: 1  signal: null
13 info lifecycle frontpage@1.0.0~build:css: Failed to exec build:css script
14 verbose stack Error: frontpage@1.0.0 build:css: `postcss public/assets/main.css -o public/assets/style.css`
14 verbose stack Exit status 1
14 verbose stack     at EventEmitter.<anonymous> (/usr/share/npm/lib/utils/lifecycle.js:232:16)
14 verbose stack     at emitTwo (events.js:126:13)
14 verbose stack     at EventEmitter.emit (events.js:214:7)
14 verbose stack     at ChildProcess.<anonymous> (/usr/share/npm/lib/utils/spawn.js:24:14)
14 verbose stack     at emitTwo (events.js:126:13)
14 verbose stack     at ChildProcess.emit (events.js:214:7)
14 verbose stack     at maybeClose (internal/child_process.js:925:16)
14 verbose stack     at Process.ChildProcess._handle.onexit (internal/child_process.js:209:5)
15 verbose pkgid frontpage@1.0.0
16 verbose cwd /mnt/d/Development things/Website/Frontpage
17 error Linux 4.4.0-18362-Microsoft
18 error argv "/usr/bin/node" "/usr/bin/npm" "run" "build:css"
19 error node v8.10.0
20 error npm  v3.5.2
21 error code ELIFECYCLE
22 error frontpage@1.0.0 build:css: `postcss public/assets/main.css -o public/assets/style.css`
22 error Exit status 1
23 error Failed at the frontpage@1.0.0 build:css script 'postcss public/assets/main.css -o public/assets/style.css'.
23 error Make sure you have the latest version of node.js and npm installed.
23 error If you do, this is most likely a problem with the frontpage package,
23 error not with npm itself.
23 error Tell the author that this fails on your system:
23 error     postcss public/assets/main.css -o public/assets/style.css
23 error You can get information on how to open an issue for this project with:
23 error     npm bugs frontpage
23 error Or if that isn't available, you can get their info via:
23 error     npm owner ls frontpage
23 error There is likely additional logging output above.
24 verbose exit [ 1, true ]
