Arguments: 
  /usr/bin/node /usr/bin/yarn start

PATH: 
  /home/runner/.apt/usr/bin:/usr/local/go/bin:/opt/virtualenvs/python3/bin:/usr/GNUstep/System/Tools:/usr/GNUstep/Local/Tools:/usr/local/sbin:/usr/local/bin:/usr/sbin:/usr/bin:/sbin:/bin

Yarn version: 
  1.22.10

Node version: 
  10.23.0

Platform: 
  linux x64

Trace: 
  SyntaxError: /home/runner/fleepytv/package.json: Unexpected token } in JSON at position 235
      at JSON.parse (<anonymous>)
      at /usr/lib/node_modules/yarn/lib/cli.js:1625:59
      at Generator.next (<anonymous>)
      at step (/usr/lib/node_modules/yarn/lib/cli.js:310:30)
      at /usr/lib/node_modules/yarn/lib/cli.js:321:13

npm manifest: 
  {
    "name": "frontpage",
    "version": "2.0.0",
    "description": "My website that I work on. With the help of a couple friends",
    "main": "index.js",
    "scripts": {
      "start": "node .",
      "dev": "nodemon -e ts,js,json index.js",
    },
    "repository": {
      "type": "git",
      "url": "https://github.com/flleeppyy/fleepy.tv.git"
    },
    "author": "",
    "license": "ISC",
    "bugs": {
      "url": "https://github.com/flleeppyy/fleepy.tv/issues"
    },
    "homepage": "https://github.com/flleeppyy/fleepy.tv#readme",
    "dependencies": {
      "@types/node": "^14.11.2",
      "cheerio": "^1.0.0-rc.3",
      "fastify": "^3.5.0",
      "fastify-static": "^3.2.0",
      "ts-node": "^9.0.0",
      "typescript": "^4.0.3"
    },
    "devDependencies": {
      "@fullhuman/postcss-purgecss": "^2.1.2",
      "postcss": "^7.0.30",
      "postcss-cli": "^7.1.0",
      "tailwindcss": "^1.3.5"
    }
  }

yarn manifest: 
  No manifest

Lockfile: 
  No lockfile
